-----------------------------------------------------------------------------------------------------------
      name:  <unnamed>
       log:  /Users/d/Dropbox (Personal)/1f.ἡἔρις,κ/1.ontology/summer/antihist.log
  log type:  text
 opened on:  22 Jun 2023, 06:49:31

. use strpos.dta, clear
(strpos demo for 340.600.11)

. gen     antihist16=(strpos(gnn,"BROMPHENIRAMINE")!=0)

. gen     antihist19=(strpos(gnn,"CARBINOXAMINE")!=0)

. gen     antihist26=(strpos(gnn,"CHLORPHENIRAMINE")!=0)

. gen     antihist31=(strpos(gnn,"CLEMASTINE")!=0)

. gen     antihist36=(strpos(gnn,"CYPROHEPTADINE")!=0)

. gen     antihist39=(strpos(gnn,"DEXBROMPHENIRAMINE")!=0)

. gen     antihist40=(strpos(gnn,"DEXCHLORPHENIRAMINE")!=0)

. gen     antihist43=(strpos(gnn,"DIMENHYDRINATE")!=0)

. gen     antihist47=(strpos(gnn,"DIPHENHYDRAMINE")!=0)

. gen     antihist51=(strpos(gnn,"DOXYLAMINE")!=0)

. gen     antihist65=(strpos(gnn,"HYDROXYZINE")!=0)

. gen     antihist77=(strpos(gnn,"MECLIZINE")!=0)

. gen     antihist101=(strpos(gnn,"PROMETHAZINE")!=0)

. gen     antihist105=(strpos(gnn,"PYRILAMINE")!=0)

. gen     antihist127=(strpos(gnn,"TRIPROLIDINE")!=0)      

. g antihist_rx=( ///     
>    antihist16+  ///
>    antihist19+  ///
>    antihist26+  ///
>    antihist31+  ///
>    antihist36+  ///
>    antihist39+  ///
>    antihist40+  ///
>    antihist43+  ///
>    antihist47+  ///
>    antihist51+  ///
>    antihist65+  ///
>    antihist77+  ///
>    antihist101+ ///
>    antihist105+ ///
>    antihist127  ///
>      >0)

. keep usrds_id srvc_dt antihist_rx

. tab antihist

antihist_rx |      Freq.     Percent        Cum.
------------+-----------------------------------
          0 |      2,580       99.54       99.54
          1 |         12        0.46      100.00
------------+-----------------------------------
      Total |      2,592      100.00

. log close  
      name:  <unnamed>
       log:  /Users/d/Dropbox (Personal)/1f.ἡἔρις,κ/1.ontology/summer/antihist.log
  log type:  text
 closed on:  22 Jun 2023, 06:49:31
-----------------------------------------------------------------------------------------------------------
