---------------------------------------------------------------------------------------------------
      name:  <unnamed>
       log:  /Users/d/Desktop/chi2.log
  log type:  text
 opened on:  20 Jun 2023, 05:46:36

. use transplants

. tab dx gender, row  chi2

+----------------+
| Key            |
|----------------|
|   frequency    |
| row percentage |
+----------------+

       Primary |        gender
     Diagnosis |         0          1 |     Total
---------------+----------------------+----------
  1=Glomerular |       237        187 |       424 
               |     55.90      44.10 |    100.00 
---------------+----------------------+----------
    2=Diabetes |        60         37 |        97 
               |     61.86      38.14 |    100.00 
---------------+----------------------+----------
         3=PKD |        81         66 |       147 
               |     55.10      44.90 |    100.00 
---------------+----------------------+----------
4=Hypertensive |       316        176 |       492 
               |     64.23      35.77 |    100.00 
---------------+----------------------+----------
5=Renovascular |        24         15 |        39 
               |     61.54      38.46 |    100.00 
---------------+----------------------+----------
  6=Congenital |        46         22 |        68 
               |     67.65      32.35 |    100.00 
---------------+----------------------+----------
      7=Tubulo |        32         35 |        67 
               |     47.76      52.24 |    100.00 
---------------+----------------------+----------
    8=Neoplasm |         8          5 |        13 
               |     61.54      38.46 |    100.00 
---------------+----------------------+----------
       9=Other |       421        232 |       653 
               |     64.47      35.53 |    100.00 
---------------+----------------------+----------
         Total |     1,225        775 |     2,000 
               |     61.25      38.75 |    100.00 

          Pearson chi2(8) =  18.4805   Pr = 0.018

. return list 

scalars:
                  r(N) =  2000
                  r(r) =  9
                  r(c) =  2
               r(chi2) =  18.48047641017726
                  r(p) =  .0178990677414798

. qui {
p = 0.02

. log close
      name:  <unnamed>
       log:  /Users/d/Desktop/chi2.log
  log type:  text
 closed on:  20 Jun 2023, 05:46:36
---------------------------------------------------------------------------------------------------
