--------------------------------------------------------------------------------------------------------
      name:  <unnamed>
       log:  /Users/d/Dropbox (Personal)/1f.ἡἔρις,κ/1.ontology/summer/creturn_list.log
  log type:  text
 opened on:  23 Jun 2023, 03:26:18

. creturn list

System values

    ----------------------------------------------------------------------------------------------------
        c(current_date) = "23 Jun 2023"
        c(current_time) = "03:26:18"
           c(rmsg_time) = 0                          (seconds, from set rmsg)
    ----------------------------------------------------------------------------------------------------
       c(stata_version) = 18
             c(version) = 18                         (version)
         c(userversion) = 18                         (version)
      c(dyndoc_version) = 2                          (dyndoc)
    ----------------------------------------------------------------------------------------------------
           c(born_date) = "15 May 2023"
             c(edition) = "BE"
        c(edition_real) = "SE"
                 c(bit) = 64
                  c(SE) = 1
                  c(MP) = 0
          c(processors) = 1                          (Stata/MP, set processors)
      c(processors_lic) = 1
     c(processors_mach) = .
      c(processors_max) = 1
                c(mode) = ""
             c(console) = ""
    ----------------------------------------------------------------------------------------------------
                  c(os) = "MacOSX"
               c(osdtl) = "13.4.0"
            c(hostname) = "Poseidon.local"
        c(machine_type) = "Macintosh (Intel .."
           c(byteorder) = "lohi"
            c(username) = "d"
    ----------------------------------------------------------------------------------------------------

Directories and paths

    ----------------------------------------------------------------------------------------------------
        c(sysdir_stata) = "/Applications/Sta.."      (sysdir)
         c(sysdir_base) = "/Applications/Sta.."      (sysdir)
         c(sysdir_site) = "/Applications/Sta.."      (sysdir)
         c(sysdir_plus) = "/Users/d/Library/.."      (sysdir)
     c(sysdir_personal) = "/Users/d/Document.."      (sysdir)
     c(sysdir_oldplace) = "~/ado/"                   (sysdir)
              c(tmpdir) = "/var/folders/sx/f.."
    ----------------------------------------------------------------------------------------------------
             c(adopath) = "BASE;SITE;.;PERSO.."      (adopath)
                 c(pwd) = "/Users/d/Dropbox .."      (cd)
              c(dirsep) = "/"
    ----------------------------------------------------------------------------------------------------

System limits

    ----------------------------------------------------------------------------------------------------
        c(max_N_theory) = 2147483620
        c(max_k_theory) = 5000                       (set maxvar)
    c(max_width_theory) = 1048576                    (set maxvar)
    ----------------------------------------------------------------------------------------------------
          c(max_matdim) = 11000
    ----------------------------------------------------------------------------------------------------
        c(max_it_cvars) = 64
        c(max_it_fvars) = 8
    ----------------------------------------------------------------------------------------------------
        c(max_macrolen) = 4227143
            c(macrolen) = 645200                     (set maxvar)
             c(charlen) = 67783
          c(max_cmdlen) = 4227159
              c(cmdlen) = 645216                     (set maxvar)
         c(namelenbyte) = 128
         c(namelenchar) = 32
               c(eqlen) = 1337
    ----------------------------------------------------------------------------------------------------

Numerical and string limits

    ----------------------------------------------------------------------------------------------------
           c(mindouble) = -8.9884656743e+307
           c(maxdouble) = 8.9884656743e+307
           c(epsdouble) = 2.22044604925e-16
      c(smallestdouble) = 2.2250738585e-308
    ----------------------------------------------------------------------------------------------------
            c(minfloat) = -1.70141173319e+38
            c(maxfloat) = 1.70141173319e+38
            c(epsfloat) = 1.19209289551e-07
    ----------------------------------------------------------------------------------------------------
             c(minlong) = -2147483647
             c(maxlong) = 2147483620
    ----------------------------------------------------------------------------------------------------
              c(minint) = -32767
              c(maxint) = 32740
    ----------------------------------------------------------------------------------------------------
             c(minbyte) = -127
             c(maxbyte) = 100
    ----------------------------------------------------------------------------------------------------
        c(maxstrvarlen) = 2045
       c(maxstrlvarlen) = 2000000000
        c(maxvlabellen) = 32000
    ----------------------------------------------------------------------------------------------------

Current dataset

    ----------------------------------------------------------------------------------------------------
               c(frame) = "default"
                   c(N) = 1500
                   c(k) = 10
               c(width) = 45
             c(changed) = 0
            c(filename) = "donors.dta"
            c(filedate) = "14 Jun 2018 13:26"
    ----------------------------------------------------------------------------------------------------

Memory settings

    ----------------------------------------------------------------------------------------------------
              c(memory) = 33554432
              c(maxvar) = 5000                       (set maxvar)
            c(niceness) = 5                          (set niceness)
          c(min_memory) = 0                          (set min_memory)
          c(max_memory) = .                          (set max_memory)
         c(segmentsize) = 33554432                   (set segmentsize)
             c(adosize) = 1000                       (set adosize)
    ----------------------------------------------------------------------------------------------------

Output settings

    ----------------------------------------------------------------------------------------------------
                c(more) = "off"                      (set more)
                c(rmsg) = "off"                      (set rmsg)
                  c(dp) = "period"                   (set dp)
            c(linesize) = 104                        (set linesize)
            c(pagesize) = 35                         (set pagesize)
             c(logtype) = "smcl"                     (set logtype)
              c(logmsg) = "on"                       (set logmsg)
             c(noisily) = 1
          c(notifyuser) = "on"                       (set notifyuser)
             c(playsnd) = "off"                      (set playsnd)
      c(include_bitmap) = "on"                       (set include_bitmap)
    ----------------------------------------------------------------------------------------------------
             c(iterlog) = "on"                       (set iterlog)
    ----------------------------------------------------------------------------------------------------
               c(level) = 95                         (set level)
              c(clevel) = 95                         (set clevel)
    ----------------------------------------------------------------------------------------------------
      c(showbaselevels) = ""                         (set showbaselevels)
      c(showemptycells) = ""                         (set showemptycells)
         c(showomitted) = ""                         (set showomitted)
             c(fvlabel) = "on"                       (set fvlabel)
              c(fvwrap) = 1                          (set fvwrap)
            c(fvwrapon) = "word"                     (set fvwrapon)
            c(lstretch) = ""                         (set lstretch)
    ----------------------------------------------------------------------------------------------------
             c(cformat) = ""                         (set cformat)
             c(sformat) = ""                         (set sformat)
             c(pformat) = ""                         (set pformat)
    ----------------------------------------------------------------------------------------------------
      c(coeftabresults) = "on"                       (set coeftabresults)
                c(dots) = "on"                       (set dots)
    ----------------------------------------------------------------------------------------------------
       c(collect_label) = "default"                  (set collect_label)
       c(collect_style) = "default"                  (set collect_style)
         c(table_style) = "table"                    (set table_style)
        c(etable_style) = "etable"                   (set etable_style)
        c(dtable_style) = "dtable"                   (set dtable_style)
        c(collect_warn) = "on"                       (set collect_warn)
    ----------------------------------------------------------------------------------------------------

Interface settings

    ----------------------------------------------------------------------------------------------------
          c(reventries) = 5000                       (set reventries)
         c(revkeyboard) = "on"                       (set revkeyboard)
         c(varkeyboard) = "on"                       (set varkeyboard)
         c(smoothfonts) = "on"                       (set smoothfonts)
             c(linegap) = 1                          (set linegap)
       c(scrollbufsize) = 204800                     (set scrollbufsize)
               c(maxdb) = 50                         (set maxdb)
    ----------------------------------------------------------------------------------------------------

Graphics settings

    ----------------------------------------------------------------------------------------------------
            c(graphics) = "on"                       (set graphics)
              c(scheme) = "stcolor"                  (set scheme)
          c(printcolor) = "asis"                     (set printcolor)
           c(copycolor) = "asis"                     (set copycolor)
       c(maxbezierpath) = 0                          (set maxbezierpath)
       c(min_graphsize) = 1                          (region_options)
       c(max_graphsize) = 100                        (region_options)
    ----------------------------------------------------------------------------------------------------

Network settings

    ----------------------------------------------------------------------------------------------------
           c(httpproxy) = "off"                      (set httpproxy)
       c(httpproxyhost) = ""                         (set httpproxyhost)
       c(httpproxyport) = 80                         (set httpproxyport)
    ----------------------------------------------------------------------------------------------------
       c(httpproxyauth) = "off"                      (set httpproxyauth)
       c(httpproxyuser) = ""                         (set httpproxyuser)
         c(httpproxypw) = ""                         (set httpproxypw)
    ----------------------------------------------------------------------------------------------------

Update settings

    ----------------------------------------------------------------------------------------------------
        c(update_query) = "on"                       (set update_query)
     c(update_interval) = 7                          (set update_interval)
       c(update_prompt) = "on"                       (set update_prompt)
    ----------------------------------------------------------------------------------------------------

Trace (program debugging) settings

    ----------------------------------------------------------------------------------------------------
               c(trace) = "off"                      (set trace)
          c(tracedepth) = 32000                      (set tracedepth)
            c(tracesep) = "on"                       (set tracesep)
         c(traceindent) = "on"                       (set traceindent)
         c(traceexpand) = "on"                       (set traceexpand)
         c(tracenumber) = "off"                      (set tracenumber)
         c(tracehilite) = ""                         (set tracehilite)
    ----------------------------------------------------------------------------------------------------

Mata settings

    ----------------------------------------------------------------------------------------------------
          c(matastrict) = "off"                      (set matastrict)
            c(matalnum) = "off"                      (set matalnum)
        c(mataoptimize) = "on"                       (set mataoptimize)
           c(matafavor) = "space"                    (set matafavor)
           c(matacache) = 2000                       (set matacache)
            c(matalibs) = "lmatabase;lmatamc.."      (set matalibs)
         c(matamofirst) = "off"                      (set matamofirst)
        c(matasolvetol) = .                          (set matasolvetol)
    ----------------------------------------------------------------------------------------------------

Java settings

    ----------------------------------------------------------------------------------------------------
        c(java_heapmax) = "4096m"                    (set java_heapmax)
           c(java_home) = "/Applications/Sta.."      (set java_home)
    ----------------------------------------------------------------------------------------------------

LAPACK settings

    ----------------------------------------------------------------------------------------------------
          c(lapack_mkl) = "on"                       (set lapack_mkl)
      c(lapack_mkl_cnr) = "default"                  (set lapack_mkl_cnr)
    ----------------------------------------------------------------------------------------------------

putdocx settings

    ----------------------------------------------------------------------------------------------------
      c(docx_hardbreak) = "off"                      (set docx_hardbreak)
       c(docx_paramode) = "off"                      (set docx_paramode)
    ----------------------------------------------------------------------------------------------------

Python settings

    ----------------------------------------------------------------------------------------------------
         c(python_exec) = ""                         (set python_exec)
     c(python_userpath) = ""                         (set python_userpath)
    ----------------------------------------------------------------------------------------------------

RNG settings

    ----------------------------------------------------------------------------------------------------
                 c(rng) = "default"                  (set rng)
         c(rng_current) = "mt64"
            c(rngstate) = "XAAf4f18e30f87bbf.."      (set rngstate)
       c(rngseed_mt64s) = 123456789
           c(rngstream) = 1                          (set rngstream)
    ----------------------------------------------------------------------------------------------------

sort settings

    ----------------------------------------------------------------------------------------------------
          c(sortmethod) = "default"                  (set sortmethod)
        c(sort_current) = "fsort"
        c(sortrngstate) = "220188265XZA11221.."      (set sortrngstate)
    ----------------------------------------------------------------------------------------------------

Unicode settings

    ----------------------------------------------------------------------------------------------------
           c(locale_ui) = "en_US"                    (set locale_ui)
    c(locale_functions) = "en_US"                    (set locale_functions)
      c(locale_icudflt) = "en_US"                    (unicode locale)
    ----------------------------------------------------------------------------------------------------

Other settings

    ----------------------------------------------------------------------------------------------------
                c(type) = "float"                    (set type)
             c(maxiter) = 300                        (set maxiter)
       c(searchdefault) = "all"                      (set searchdefault)
           c(varabbrev) = "on"                       (set varabbrev)
          c(emptycells) = "keep"                     (set emptycells)
             c(fvtrack) = "term"                     (set fvtrack)
              c(fvbase) = "on"                       (set fvbase)
             c(odbcmgr) = "iodbc"                    (set odbcmgr)
          c(odbcdriver) = "unicode"                  (set odbcdriver)
             c(fredkey) = ""                         (set fredkey)
      c(collect_double) = "on"                       (set collect_double)
       c(dtascomplevel) = 1                          (set dtascomplevel)
    ----------------------------------------------------------------------------------------------------

Other system values

    ----------------------------------------------------------------------------------------------------
                  c(pi) = 3.141592653589793
               c(alpha) = "a b c d e f g h i.."
               c(ALPHA) = "A B C D E F G H I.."
                c(Mons) = "Jan Feb Mar Apr M.."
              c(Months) = "January February .."
               c(Wdays) = "Sun Mon Tue Wed T.."
            c(Weekdays) = "Sunday Monday Tue.."
               c(obs_t) = "int"
                  c(rc) = 0                          (capture)
    ----------------------------------------------------------------------------------------------------

. log close 
      name:  <unnamed>
       log:  /Users/d/Dropbox (Personal)/1f.ἡἔρις,κ/1.ontology/summer/creturn_list.log
  log type:  text
 closed on:  23 Jun 2023, 03:26:18
--------------------------------------------------------------------------------------------------------
