-----------------------------------------------------------------------------------------------------------
      name:  <unnamed>
       log:  /Users/d/Dropbox (Personal)/1f.ἡἔρις,κ/1.ontology/summer/donors_recipients.log
  log type:  text
 opened on:  22 Jun 2023, 07:40:27

. use donors_recipients, clear

. list in 1/10

     +--------------------+
     | fake_id   fake_d~d |
     |--------------------|
  1. |       1       4999 |
  2. |       2       4998 |
  3. |       3       4997 |
  4. |       4       4996 |
  5. |       5       4995 |
     |--------------------|
  6. |       6       4994 |
  7. |       7       4993 |
  8. |       8       4992 |
  9. |       9       4991 |
 10. |      10       4990 |
     +--------------------+

. log close 
      name:  <unnamed>
       log:  /Users/d/Dropbox (Personal)/1f.ἡἔρις,κ/1.ontology/summer/donors_recipients.log
  log type:  text
 closed on:  22 Jun 2023, 07:40:27
-----------------------------------------------------------------------------------------------------------
