-----------------------------------------------------------------------------------------------------------
      name:  <unnamed>
       log:  /Users/d/Dropbox (Personal)/1f.ἡἔρις,κ/1.ontology/summer/stslist.log
  log type:  text
 opened on:  22 Jun 2023, 07:15:49

. sts list in 300/310

        Failure _d: died
  Analysis time _t: (end_date-origin)/365.25
            Origin: time transplant_date

Kaplan–Meier survivor function

             At                  Survivor      Std.
  Time     risk   Fail   Lost    function     error     [95% conf. int.]
------------------------------------------------------------------------
 .7724       11      0      1      1.0000         .          .         .
  .789       10      0      1      1.0000         .          .         .
 .7895        9      0      1      1.0000         .          .         .
 .7916        8      0      1      1.0000         .          .         .
 .8002        7      1      0      0.8571    0.1323     0.3341    0.9786
 .8032        6      0      1      0.8571    0.1323     0.3341    0.9786
 .8056        5      1      0      0.6857    0.1863     0.2128    0.9121
 .8081        4      1      0      0.5143    0.2039     0.1178    0.8132
 .8092        3      0      1      0.5143    0.2039     0.1178    0.8132
 .8102        2      0      1      0.5143    0.2039     0.1178    0.8132
 .8103        1      0      1      0.5143    0.2039     0.1178    0.8132
------------------------------------------------------------------------

. log close 
      name:  <unnamed>
       log:  /Users/d/Dropbox (Personal)/1f.ἡἔρις,κ/1.ontology/summer/stslist.log
  log type:  text
 closed on:  22 Jun 2023, 07:15:49
-----------------------------------------------------------------------------------------------------------
